<?xml version="1.0" encoding="UTF-8"?>
<testsuite name="com.instacommerce.order.controller.CheckoutControllerTest" tests="1" skipped="0" failures="0" errors="0" timestamp="2026-03-09T04:07:29.682Z" hostname="omkars-MacBook-Air.local" time="0.139">
  <properties/>
  <testcase name="rejectsLegacyCheckoutWhenDirectSagaDisabled()" classname="com.instacommerce.order.controller.CheckoutControllerTest" time="0.139"/>
  <system-out><![CDATA[]]></system-out>
  <system-err><![CDATA[]]></system-err>
</testsuite>
